  소스.c
C:\Users\beomgeun\Downloads\tetris-2022-08-04--main\tetris-2022-08-04--main\테트리스\테트리스\소스.c(137,11): warning C4244: '함수': 'time_t'에서 'unsigned int'(으)로 변환하면서 데이터가 손실될 수 있습니다.
C:\Users\beomgeun\Downloads\tetris-2022-08-04--main\tetris-2022-08-04--main\테트리스\테트리스\소스.c(172,17): warning C4098: 'print': 'void' 함수에서 값을 반환하고 있습니다.
C:\Users\beomgeun\Downloads\tetris-2022-08-04--main\tetris-2022-08-04--main\테트리스\테트리스\소스.c(525,9): warning C4996: 'kbhit': The POSIX name for this item is deprecated. Instead, use the ISO C and C++ conformant name: _kbhit. See online help for details.
C:\Users\beomgeun\Downloads\tetris-2022-08-04--main\tetris-2022-08-04--main\테트리스\테트리스\소스.c(526,19): warning C4996: 'getch': The POSIX name for this item is deprecated. Instead, use the ISO C and C++ conformant name: _getch. See online help for details.
C:\Users\beomgeun\Downloads\tetris-2022-08-04--main\tetris-2022-08-04--main\테트리스\테트리스\소스.c(528,23): warning C4996: 'getch': The POSIX name for this item is deprecated. Instead, use the ISO C and C++ conformant name: _getch. See online help for details.
C:\Users\beomgeun\Downloads\tetris-2022-08-04--main\tetris-2022-08-04--main\테트리스\테트리스\소스.c(687,32): warning C4267: '+=': 'size_t'에서 'int'(으)로 변환하면서 데이터가 손실될 수 있습니다.
C:\Users\beomgeun\Downloads\tetris-2022-08-04--main\tetris-2022-08-04--main\테트리스\테트리스\소스.c(690,17): warning C4996: 'strcpy': This function or variable may be unsafe. Consider using strcpy_s instead. To disable deprecation, use _CRT_SECURE_NO_WARNINGS. See online help for details.
C:\Users\beomgeun\Downloads\tetris-2022-08-04--main\tetris-2022-08-04--main\테트리스\테트리스\소스.c(703,5): warning C4996: 'strcat': This function or variable may be unsafe. Consider using strcat_s instead. To disable deprecation, use _CRT_SECURE_NO_WARNINGS. See online help for details.
C:\Users\beomgeun\Downloads\tetris-2022-08-04--main\tetris-2022-08-04--main\테트리스\테트리스\소스.c(715,21): warning C4996: 'strcpy': This function or variable may be unsafe. Consider using strcpy_s instead. To disable deprecation, use _CRT_SECURE_NO_WARNINGS. See online help for details.
C:\Users\beomgeun\Downloads\tetris-2022-08-04--main\tetris-2022-08-04--main\테트리스\테트리스\소스.c(715,49): warning C4996: 'strcpy': This function or variable may be unsafe. Consider using strcpy_s instead. To disable deprecation, use _CRT_SECURE_NO_WARNINGS. See online help for details.
C:\Users\beomgeun\Downloads\tetris-2022-08-04--main\tetris-2022-08-04--main\테트리스\테트리스\소스.c(715,89): warning C4996: 'strcpy': This function or variable may be unsafe. Consider using strcpy_s instead. To disable deprecation, use _CRT_SECURE_NO_WARNINGS. See online help for details.
C:\Users\beomgeun\Downloads\tetris-2022-08-04--main\tetris-2022-08-04--main\테트리스\테트리스\소스.c(676,16): warning C4996: 'fopen': This function or variable may be unsafe. Consider using fopen_s instead. To disable deprecation, use _CRT_SECURE_NO_WARNINGS. See online help for details.
C:\Users\beomgeun\Downloads\tetris-2022-08-04--main\tetris-2022-08-04--main\테트리스\테트리스\소스.c(702,5): warning C4996: 'scanf': This function or variable may be unsafe. Consider using scanf_s instead. To disable deprecation, use _CRT_SECURE_NO_WARNINGS. See online help for details.
C:\Users\beomgeun\Downloads\tetris-2022-08-04--main\tetris-2022-08-04--main\테트리스\테트리스\소스.c(723,16): warning C4996: 'fopen': This function or variable may be unsafe. Consider using fopen_s instead. To disable deprecation, use _CRT_SECURE_NO_WARNINGS. See online help for details.
C:\Users\beomgeun\Downloads\tetris-2022-08-04--main\tetris-2022-08-04--main\테트리스\테트리스\소스.c(727,9): warning C4996: 'sprintf': This function or variable may be unsafe. Consider using sprintf_s instead. To disable deprecation, use _CRT_SECURE_NO_WARNINGS. See online help for details.
C:\Users\beomgeun\Downloads\tetris-2022-08-04--main\tetris-2022-08-04--main\테트리스\테트리스\소스.c(678,9): warning C4101: 'i' :참조되지 않은 지역 변수입니다.
C:\Users\beomgeun\Downloads\tetris-2022-08-04--main\tetris-2022-08-04--main\테트리스\테트리스\소스.c(750,32): warning C4267: '+=': 'size_t'에서 'int'(으)로 변환하면서 데이터가 손실될 수 있습니다.
C:\Users\beomgeun\Downloads\tetris-2022-08-04--main\tetris-2022-08-04--main\테트리스\테트리스\소스.c(739,16): warning C4996: 'fopen': This function or variable may be unsafe. Consider using fopen_s instead. To disable deprecation, use _CRT_SECURE_NO_WARNINGS. See online help for details.
C:\Users\beomgeun\Downloads\tetris-2022-08-04--main\tetris-2022-08-04--main\테트리스\테트리스\소스.c(741,9): warning C4101: 'i' :참조되지 않은 지역 변수입니다.
  코드를 생성하고 있습니다.
  1 of 39 functions ( 2.6%) were compiled, the rest were copied from previous compilation.
    0 functions were new in current compilation
    1 functions had inline decision re-evaluated but remain unchanged
  코드를 생성했습니다.
  테트리스.vcxproj -> C:\Users\beomgeun\Downloads\tetris-2022-08-04--main\tetris-2022-08-04--main\테트리스\x64\Release\테트리스.exe
